<?xml version="1.0" encoding="UTF-8"?>
<!-- Generated by org.testng.reporters.JUnitReportReporter -->
<testsuite hostname="DESKTOP-M95558U" failures="0" tests="1" name="dsa.tre" time="5.301" errors="0" timestamp="2022-05-04T16:08:27 IST" skipped="0">
  <testcase classname="dsa.tre" name="tc1" time="5.301"/>
  <system-out/>
</testsuite> <!-- dsa.tre -->
